This is XeTeX, Version 3.141592653-2.6-0.999997 (TeX Live 2025) (preloaded format=xelatex 2025.4.27)  27 APR 2025 11:29
entering extended mode
 restricted \write18 enabled.
 %&-line parsing enabled.
**build_telegram_bot_using_r.tex
(./build_telegram_bot_using_r.tex
LaTeX2e <2024-11-01> patch level 2
L3 programming layer <2025-03-26>
(c:/Users/User/AppData/Roaming/TinyTeX/texmf-dist/tex/latex/base/book.cls
Document Class: book 2024/06/29 v1.4n Standard LaTeX document class
(c:/Users/User/AppData/Roaming/TinyTeX/texmf-dist/tex/latex/base/bk10.clo
File: bk10.clo 2024/06/29 v1.4n Standard LaTeX file (size option)
)
\c@part=\count193
\c@chapter=\count194
\c@section=\count195
\c@subsection=\count196
\c@subsubsection=\count197
\c@paragraph=\count198
\c@subparagraph=\count199
\c@figure=\count266
\c@table=\count267
\abovecaptionskip=\skip49
\belowcaptionskip=\skip50
\bibindent=\dimen146
) (c:/Users/User/AppData/Roaming/TinyTeX/texmf-dist/tex/latex/amsmath/amsmath.sty
Package: amsmath 2024/11/05 v2.17t AMS math features
\@mathmargin=\skip51
For additional information on amsmath, use the `?' option.
(c:/Users/User/AppData/Roaming/TinyTeX/texmf-dist/tex/latex/amsmath/amstext.sty
Package: amstext 2021/08/26 v2.01 AMS text
(c:/Users/User/AppData/Roaming/TinyTeX/texmf-dist/tex/latex/amsmath/amsgen.sty
File: amsgen.sty 1999/11/30 v2.0 generic functions
\@emptytoks=\toks17
\ex@=\dimen147
)) (c:/Users/User/AppData/Roaming/TinyTeX/texmf-dist/tex/latex/amsmath/amsbsy.sty
Package: amsbsy 1999/11/29 v1.2d Bold Symbols
\pmbraise@=\dimen148
) (c:/Users/User/AppData/Roaming/TinyTeX/texmf-dist/tex/latex/amsmath/amsopn.sty
Package: amsopn 2022/04/08 v2.04 operator names
)
\inf@bad=\count268
LaTeX Info: Redefining \frac on input line 233.
\uproot@=\count269
\leftroot@=\count270
LaTeX Info: Redefining \overline on input line 398.
LaTeX Info: Redefining \colon on input line 409.
\classnum@=\count271
\DOTSCASE@=\count272
LaTeX Info: Redefining \ldots on input line 495.
LaTeX Info: Redefining \dots on input line 498.
LaTeX Info: Redefining \cdots on input line 619.
\Mathstrutbox@=\box53
\strutbox@=\box54
LaTeX Info: Redefining \big on input line 721.
LaTeX Info: Redefining \Big on input line 722.
LaTeX Info: Redefining \bigg on input line 723.
LaTeX Info: Redefining \Bigg on input line 724.
\big@size=\dimen149
LaTeX Font Info:    Redeclaring font encoding OML on input line 742.
LaTeX Font Info:    Redeclaring font encoding OMS on input line 743.
\macc@depth=\count273
LaTeX Info: Redefining \bmod on input line 904.
LaTeX Info: Redefining \pmod on input line 909.
LaTeX Info: Redefining \smash on input line 939.
LaTeX Info: Redefining \relbar on input line 969.
LaTeX Info: Redefining \Relbar on input line 970.
\c@MaxMatrixCols=\count274
\dotsspace@=\muskip17
\c@parentequation=\count275
\dspbrk@lvl=\count276
\tag@help=\toks18
\row@=\count277
\column@=\count278
\maxfields@=\count279
\andhelp@=\toks19
\eqnshift@=\dimen150
\alignsep@=\dimen151
\tagshift@=\dimen152
\tagwidth@=\dimen153
\totwidth@=\dimen154
\lineht@=\dimen155
\@envbody=\toks20
\multlinegap=\skip52
\multlinetaggap=\skip53
\mathdisplay@stack=\toks21
LaTeX Info: Redefining \[ on input line 2953.
LaTeX Info: Redefining \] on input line 2954.
) (c:/Users/User/AppData/Roaming/TinyTeX/texmf-dist/tex/latex/amsfonts/amssymb.sty
Package: amssymb 2013/01/14 v3.01 AMS font symbols
(c:/Users/User/AppData/Roaming/TinyTeX/texmf-dist/tex/latex/amsfonts/amsfonts.sty
Package: amsfonts 2013/01/14 v3.01 Basic AMSFonts support
\symAMSa=\mathgroup4
\symAMSb=\mathgroup5
LaTeX Font Info:    Redeclaring math symbol \hbar on input line 98.
LaTeX Font Info:    Overwriting math alphabet `\mathfrak' in version `bold'
(Font)                  U/euf/m/n --> U/euf/b/n on input line 106.
)) (c:/Users/User/AppData/Roaming/TinyTeX/texmf-dist/tex/generic/iftex/iftex.sty
Package: iftex 2024/12/12 v1.0g TeX engine tests
) (c:/Users/User/AppData/Roaming/TinyTeX/texmf-dist/tex/latex/unicode-math/unicode-math.sty (c:/Users/User/AppData/Roaming/TinyTeX/texmf-dist/tex/latex/l3kernel/expl3.sty
Package: expl3 2025-03-26 L3 programming layer (loader) 
(c:/Users/User/AppData/Roaming/TinyTeX/texmf-dist/tex/latex/l3backend/l3backend-xetex.def
File: l3backend-xetex.def 2025-03-14 L3 backend support: XeTeX
\g__graphics_track_int=\count280
\g__pdfannot_backend_int=\count281
\g__pdfannot_backend_link_int=\count282
))
Package: unicode-math 2023/08/13 v0.8r Unicode maths in XeLaTeX and LuaLaTeX
(c:/Users/User/AppData/Roaming/TinyTeX/texmf-dist/tex/latex/unicode-math/unicode-math-xetex.sty
Package: unicode-math-xetex 2023/08/13 v0.8r Unicode maths in XeLaTeX and LuaLaTeX
(c:/Users/User/AppData/Roaming/TinyTeX/texmf-dist/tex/latex/l3packages/xparse/xparse.sty
Package: xparse 2024-08-16 L3 Experimental document command parser
) (c:/Users/User/AppData/Roaming/TinyTeX/texmf-dist/tex/latex/l3packages/l3keys2e/l3keys2e.sty
Package: l3keys2e 2024-08-16 LaTeX2e option processing using LaTeX3 keys
) (c:/Users/User/AppData/Roaming/TinyTeX/texmf-dist/tex/latex/fontspec/fontspec.sty
Package: fontspec 2024/05/11 v2.9e Font selection for XeLaTeX and LuaLaTeX
(c:/Users/User/AppData/Roaming/TinyTeX/texmf-dist/tex/latex/fontspec/fontspec-xetex.sty
Package: fontspec-xetex 2024/05/11 v2.9e Font selection for XeLaTeX and LuaLaTeX
\l__fontspec_script_int=\count283
\l__fontspec_language_int=\count284
\l__fontspec_strnum_int=\count285
\l__fontspec_tmp_int=\count286
\l__fontspec_tmpa_int=\count287
\l__fontspec_tmpb_int=\count288
\l__fontspec_tmpc_int=\count289
\l__fontspec_em_int=\count290
\l__fontspec_emdef_int=\count291
\l__fontspec_strong_int=\count292
\l__fontspec_strongdef_int=\count293
\l__fontspec_tmpa_dim=\dimen156
\l__fontspec_tmpb_dim=\dimen157
\l__fontspec_tmpc_dim=\dimen158
(c:/Users/User/AppData/Roaming/TinyTeX/texmf-dist/tex/latex/base/fontenc.sty
Package: fontenc 2021/04/29 v2.0v Standard LaTeX package
) (c:/Users/User/AppData/Roaming/TinyTeX/texmf-dist/tex/latex/fontspec/fontspec.cfg))) (c:/Users/User/AppData/Roaming/TinyTeX/texmf-dist/tex/latex/base/fix-cm.sty
Package: fix-cm 2020/11/24 v1.1t fixes to LaTeX
(c:/Users/User/AppData/Roaming/TinyTeX/texmf-dist/tex/latex/base/ts1enc.def
File: ts1enc.def 2001/06/05 v3.0e (jk/car/fm) Standard LaTeX file
LaTeX Font Info:    Redeclaring font encoding TS1 on input line 47.
))
\g__um_fam_int=\count294
\g__um_fonts_used_int=\count295
\l__um_primecount_int=\count296
\g__um_primekern_muskip=\muskip18
(c:/Users/User/AppData/Roaming/TinyTeX/texmf-dist/tex/latex/unicode-math/unicode-math-table.tex))) (c:/Users/User/AppData/Roaming/TinyTeX/texmf-dist/tex/latex/lm/lmodern.sty
Package: lmodern 2015/05/01 v1.6.1 Latin Modern Fonts
LaTeX Font Info:    Overwriting symbol font `operators' in version `normal'
(Font)                  OT1/cmr/m/n --> OT1/lmr/m/n on input line 22.
LaTeX Font Info:    Overwriting symbol font `letters' in version `normal'
(Font)                  OML/cmm/m/it --> OML/lmm/m/it on input line 23.
LaTeX Font Info:    Overwriting symbol font `symbols' in version `normal'
(Font)                  OMS/cmsy/m/n --> OMS/lmsy/m/n on input line 24.
LaTeX Font Info:    Overwriting symbol font `largesymbols' in version `normal'
(Font)                  OMX/cmex/m/n --> OMX/lmex/m/n on input line 25.
LaTeX Font Info:    Overwriting symbol font `operators' in version `bold'
(Font)                  OT1/cmr/bx/n --> OT1/lmr/bx/n on input line 26.
LaTeX Font Info:    Overwriting symbol font `letters' in version `bold'
(Font)                  OML/cmm/b/it --> OML/lmm/b/it on input line 27.
LaTeX Font Info:    Overwriting symbol font `symbols' in version `bold'
(Font)                  OMS/cmsy/b/n --> OMS/lmsy/b/n on input line 28.
LaTeX Font Info:    Overwriting symbol font `largesymbols' in version `bold'
(Font)                  OMX/cmex/m/n --> OMX/lmex/m/n on input line 29.
LaTeX Font Info:    Overwriting math alphabet `\mathbf' in version `normal'
(Font)                  OT1/cmr/bx/n --> OT1/lmr/bx/n on input line 31.
LaTeX Font Info:    Overwriting math alphabet `\mathsf' in version `normal'
(Font)                  OT1/cmss/m/n --> OT1/lmss/m/n on input line 32.
LaTeX Font Info:    Overwriting math alphabet `\mathit' in version `normal'
(Font)                  OT1/cmr/m/it --> OT1/lmr/m/it on input line 33.
LaTeX Font Info:    Overwriting math alphabet `\mathtt' in version `normal'
(Font)                  OT1/cmtt/m/n --> OT1/lmtt/m/n on input line 34.
LaTeX Font Info:    Overwriting math alphabet `\mathbf' in version `bold'
(Font)                  OT1/cmr/bx/n --> OT1/lmr/bx/n on input line 35.
LaTeX Font Info:    Overwriting math alphabet `\mathsf' in version `bold'
(Font)                  OT1/cmss/bx/n --> OT1/lmss/bx/n on input line 36.
LaTeX Font Info:    Overwriting math alphabet `\mathit' in version `bold'
(Font)                  OT1/cmr/bx/it --> OT1/lmr/bx/it on input line 37.
LaTeX Font Info:    Overwriting math alphabet `\mathtt' in version `bold'
(Font)                  OT1/cmtt/m/n --> OT1/lmtt/m/n on input line 38.
)

Package fontspec Info: 
(fontspec)             Arial scale = 0.8311533923217035.


Package fontspec Info: 
(fontspec)             Arial scale = 1.


Package fontspec Info: 
(fontspec)             Arial scale = 0.8311533923217035.


Package fontspec Info: 
(fontspec)             Arial scale = 1.


Package fontspec Info: 
(fontspec)             Arial scale = 0.8311533923217035.


Package fontspec Info: 
(fontspec)             Arial scale = 1.


Package fontspec Info: 
(fontspec)             Arial/B scale = 0.8311533923217035.


Package fontspec Info: 
(fontspec)             Arial/B scale = 1.


Package fontspec Info: 
(fontspec)             Arial/B scale = 0.8311533923217035.


Package fontspec Info: 
(fontspec)             Arial/B scale = 1.


Package fontspec Info: 
(fontspec)             Arial/I scale = 0.8311533923217035.


Package fontspec Info: 
(fontspec)             Arial/I scale = 1.


Package fontspec Info: 
(fontspec)             Arial/I scale = 0.8311533923217035.


Package fontspec Info: 
(fontspec)             Arial/I scale = 1.


Package fontspec Info: 
(fontspec)             Arial/BI scale = 0.8311533923217035.


Package fontspec Info: 
(fontspec)             Arial/BI scale = 1.


Package fontspec Info: 
(fontspec)             Arial/BI scale = 0.8311533923217035.


Package fontspec Info: 
(fontspec)             Arial/BI scale = 1.


Package fontspec Info: 
(fontspec)             Font family 'Arial(0)' created for font 'Arial' with
(fontspec)             options [Scale=MatchLowercase,Ligatures=TeX,Scale=1].
(fontspec)              
(fontspec)              This font family consists of the following NFSS
(fontspec)             series/shapes:
(fontspec)              
(fontspec)             - 'normal' (m/n) with NFSS spec.:
(fontspec)             <->s*[1]"Arial/OT:script=latn;language=dflt;mapping=tex-text;"
(fontspec)             - 'small caps'  (m/sc) with NFSS spec.:
(fontspec)             <->s*[1]"Arial/OT:script=latn;language=dflt;+smcp;mapping=tex-text;"
(fontspec)             - 'bold' (b/n) with NFSS spec.:
(fontspec)             <->s*[1]"Arial/B/OT:script=latn;language=dflt;mapping=tex-text;"
(fontspec)             - 'bold small caps'  (b/sc) with NFSS spec.:
(fontspec)             <->s*[1]"Arial/B/OT:script=latn;language=dflt;+smcp;mapping=tex-text;"
(fontspec)             - 'italic' (m/it) with NFSS spec.:
(fontspec)             <->s*[1]"Arial/I/OT:script=latn;language=dflt;mapping=tex-text;"
(fontspec)             - 'italic small caps'  (m/scit) with NFSS spec.:
(fontspec)             <->s*[1]"Arial/I/OT:script=latn;language=dflt;+smcp;mapping=tex-text;"
(fontspec)             - 'bold italic' (b/it) with NFSS spec.:
(fontspec)             <->s*[1]"Arial/BI/OT:script=latn;language=dflt;mapping=tex-text;"
(fontspec)             - 'bold italic small caps'  (b/scit) with NFSS spec.:
(fontspec)             <->s*[1]"Arial/BI/OT:script=latn;language=dflt;+smcp;mapping=tex-text;"

LaTeX Font Info:    Font shape `TU/Arial(0)/m/n' will be
(Font)              scaled to size 10.0pt on input line 22.

Package fontspec Info: 
(fontspec)             Arial scale = 0.9999970574474535.


Package fontspec Info: 
(fontspec)             Arial scale = 0.9999970574474535.


Package fontspec Info: 
(fontspec)             Arial scale = 0.9999970574474535.


Package fontspec Info: 
(fontspec)             Arial/B scale = 0.9999970574474535.


Package fontspec Info: 
(fontspec)             Arial/B scale = 0.9999970574474535.


Package fontspec Info: 
(fontspec)             Arial/I scale = 0.9999970574474535.


Package fontspec Info: 
(fontspec)             Arial/I scale = 0.9999970574474535.


Package fontspec Info: 
(fontspec)             Arial/BI scale = 0.9999970574474535.


Package fontspec Info: 
(fontspec)             Arial/BI scale = 0.9999970574474535.


Package fontspec Info: 
(fontspec)             Font family 'Arial(1)' created for font 'Arial' with
(fontspec)             options [Scale=MatchLowercase].
(fontspec)              
(fontspec)              This font family consists of the following NFSS
(fontspec)             series/shapes:
(fontspec)              
(fontspec)             - 'normal' (m/n) with NFSS spec.:
(fontspec)             <->s*[0.9999970574474535]"Arial/OT:script=latn;language=dflt;"
(fontspec)             - 'small caps'  (m/sc) with NFSS spec.:
(fontspec)             <->s*[0.9999970574474535]"Arial/OT:script=latn;language=dflt;+smcp;"
(fontspec)             - 'bold' (b/n) with NFSS spec.:
(fontspec)             <->s*[0.9999970574474535]"Arial/B/OT:script=latn;language=dflt;"
(fontspec)             - 'bold small caps'  (b/sc) with NFSS spec.:
(fontspec)             <->s*[0.9999970574474535]"Arial/B/OT:script=latn;language=dflt;+smcp;"
(fontspec)             - 'italic' (m/it) with NFSS spec.:
(fontspec)             <->s*[0.9999970574474535]"Arial/I/OT:script=latn;language=dflt;"
(fontspec)             - 'italic small caps'  (m/scit) with NFSS spec.:
(fontspec)             <->s*[0.9999970574474535]"Arial/I/OT:script=latn;language=dflt;+smcp;"
(fontspec)             - 'bold italic' (b/it) with NFSS spec.:
(fontspec)             <->s*[0.9999970574474535]"Arial/BI/OT:script=latn;language=dflt;"
(fontspec)             - 'bold italic small caps'  (b/scit) with NFSS spec.:
(fontspec)             <->s*[0.9999970574474535]"Arial/BI/OT:script=latn;language=dflt;+smcp;"

LaTeX Font Info:    Overwriting math alphabet `\mathrm' in version `normal'
(Font)                  OT1/lmr/m/n --> TU/Arial(1)/m/n on input line 22.
LaTeX Font Info:    Overwriting math alphabet `\mathit' in version `normal'
(Font)                  OT1/lmr/m/it --> TU/Arial(1)/m/it on input line 22.
LaTeX Font Info:    Overwriting math alphabet `\mathbf' in version `normal'
(Font)                  OT1/lmr/bx/n --> TU/Arial(1)/b/n on input line 22.
(c:/Users/User/AppData/Roaming/TinyTeX/texmf-dist/tex/latex/xcolor/xcolor.sty
Package: xcolor 2024/09/29 v3.02 LaTeX color extensions (UK)
(c:/Users/User/AppData/Roaming/TinyTeX/texmf-dist/tex/latex/graphics-cfg/color.cfg
File: color.cfg 2016/01/02 v1.6 sample color configuration
)
Package xcolor Info: Driver file: xetex.def on input line 274.
(c:/Users/User/AppData/Roaming/TinyTeX/texmf-dist/tex/latex/graphics-def/xetex.def
File: xetex.def 2022/09/22 v5.0n Graphics/color driver for xetex
) (c:/Users/User/AppData/Roaming/TinyTeX/texmf-dist/tex/latex/graphics/mathcolor.ltx)
Package xcolor Info: Model `cmy' substituted by `cmy0' on input line 1349.
Package xcolor Info: Model `RGB' extended on input line 1365.
Package xcolor Info: Model `HTML' substituted by `rgb' on input line 1367.
Package xcolor Info: Model `Hsb' substituted by `hsb' on input line 1368.
Package xcolor Info: Model `tHsb' substituted by `hsb' on input line 1369.
Package xcolor Info: Model `HSB' substituted by `hsb' on input line 1370.
Package xcolor Info: Model `Gray' substituted by `gray' on input line 1371.
Package xcolor Info: Model `wave' substituted by `hsb' on input line 1372.
) (c:/Users/User/AppData/Roaming/TinyTeX/texmf-dist/tex/latex/fancyvrb/fancyvrb.sty
Package: fancyvrb 2024/01/20 4.5c verbatim text (tvz,hv)
(c:/Users/User/AppData/Roaming/TinyTeX/texmf-dist/tex/latex/graphics/keyval.sty
Package: keyval 2022/05/29 v1.15 key=value parser (DPC)
\KV@toks@=\toks22
)
\FV@CodeLineNo=\count297
\FV@InFile=\read2
\FV@TabBox=\box55
\c@FancyVerbLine=\count298
\FV@StepNumber=\count299
\FV@OutFile=\write3
) (c:/Users/User/AppData/Roaming/TinyTeX/texmf-dist/tex/latex/framed/framed.sty
Package: framed 2011/10/22 v 0.96: framed or shaded text with page breaks
\OuterFrameSep=\skip54
\fb@frw=\dimen159
\fb@frh=\dimen160
\FrameRule=\dimen161
\FrameSep=\dimen162
) (c:/Users/User/AppData/Roaming/TinyTeX/texmf-dist/tex/latex/tools/longtable.sty
Package: longtable 2024-10-27 v4.22 Multi-page Table package (DPC)
\LTleft=\skip55
\LTright=\skip56
\LTpre=\skip57
\LTpost=\skip58
\LTchunksize=\count300
\LTcapwidth=\dimen163
\LT@head=\box56
\LT@firsthead=\box57
\LT@foot=\box58
\LT@lastfoot=\box59
\LT@gbox=\box60
\LT@cols=\count301
\LT@rows=\count302
\c@LT@tables=\count303
\c@LT@chunks=\count304
\LT@p@ftn=\toks23
) (c:/Users/User/AppData/Roaming/TinyTeX/texmf-dist/tex/latex/booktabs/booktabs.sty
Package: booktabs 2020/01/12 v1.61803398 Publication quality tables
\heavyrulewidth=\dimen164
\lightrulewidth=\dimen165
\cmidrulewidth=\dimen166
\belowrulesep=\dimen167
\belowbottomsep=\dimen168
\aboverulesep=\dimen169
\abovetopsep=\dimen170
\cmidrulesep=\dimen171
\cmidrulekern=\dimen172
\defaultaddspace=\dimen173
\@cmidla=\count305
\@cmidlb=\count306
\@aboverulesep=\dimen174
\@belowrulesep=\dimen175
\@thisruleclass=\count307
\@lastruleclass=\count308
\@thisrulewidth=\dimen176
) (c:/Users/User/AppData/Roaming/TinyTeX/texmf-dist/tex/latex/tools/array.sty
Package: array 2024/10/17 v2.6g Tabular extension package (FMi)
\col@sep=\dimen177
\ar@mcellbox=\box61
\extrarowheight=\dimen178
\NC@list=\toks24
\extratabsurround=\skip59
\backup@length=\skip60
\ar@cellbox=\box62
) (c:/Users/User/AppData/Roaming/TinyTeX/texmf-dist/tex/latex/tools/calc.sty
Package: calc 2023/07/08 v4.3 Infix arithmetic (KKT,FJ)
\calc@Acount=\count309
\calc@Bcount=\count310
\calc@Adimen=\dimen179
\calc@Bdimen=\dimen180
\calc@Askip=\skip61
\calc@Bskip=\skip62
LaTeX Info: Redefining \setlength on input line 80.
LaTeX Info: Redefining \addtolength on input line 81.
\calc@Ccount=\count311
\calc@Cskip=\skip63
) (c:/Users/User/AppData/Roaming/TinyTeX/texmf-dist/tex/latex/etoolbox/etoolbox.sty
Package: etoolbox 2025/02/11 v2.5l e-TeX tools for LaTeX (JAW)
\etb@tempcnta=\count312
) (c:/Users/User/AppData/Roaming/TinyTeX/texmf-dist/tex/latex/mdwtools/footnote.sty
Package: footnote 1997/01/28 1.13 Save footnotes around boxes
\fn@notes=\box63
\fn@width=\dimen181
) (c:/Users/User/AppData/Roaming/TinyTeX/texmf-dist/tex/latex/graphics/graphicx.sty
Package: graphicx 2021/09/16 v1.2d Enhanced LaTeX Graphics (DPC,SPQR)
(c:/Users/User/AppData/Roaming/TinyTeX/texmf-dist/tex/latex/graphics/graphics.sty
Package: graphics 2024/08/06 v1.4g Standard LaTeX Graphics (DPC,SPQR)
(c:/Users/User/AppData/Roaming/TinyTeX/texmf-dist/tex/latex/graphics/trig.sty
Package: trig 2023/12/02 v1.11 sin cos tan (DPC)
) (c:/Users/User/AppData/Roaming/TinyTeX/texmf-dist/tex/latex/graphics-cfg/graphics.cfg
File: graphics.cfg 2016/06/04 v1.11 sample graphics configuration
)
Package graphics Info: Driver file: xetex.def on input line 106.
)
\Gin@req@height=\dimen182
\Gin@req@width=\dimen183
) (c:/Users/User/AppData/Roaming/TinyTeX/texmf-dist/tex/latex/amscls/amsthm.sty
Package: amsthm 2020/05/29 v2.20.6
\thm@style=\toks25
\thm@bodyfont=\toks26
\thm@headfont=\toks27
\thm@notefont=\toks28
\thm@headpunct=\toks29
\thm@preskip=\skip64
\thm@postskip=\skip65
\thm@headsep=\skip66
\dth@everypar=\toks30
) (c:/Users/User/AppData/Roaming/TinyTeX/texmf-dist/tex/latex/natbib/natbib.sty
Package: natbib 2010/09/13 8.31b (PWD, AO)
\bibhang=\skip67
\bibsep=\skip68
LaTeX Info: Redefining \cite on input line 694.
\c@NAT@ctr=\count313
) (c:/Users/User/AppData/Roaming/TinyTeX/texmf-dist/tex/latex/bookmark/bookmark.sty
Package: bookmark 2023-12-10 v1.31 PDF bookmarks (HO)
(c:/Users/User/AppData/Roaming/TinyTeX/texmf-dist/tex/latex/hyperref/hyperref.sty
Package: hyperref 2024-11-05 v7.01l Hypertext links for LaTeX
(c:/Users/User/AppData/Roaming/TinyTeX/texmf-dist/tex/latex/kvsetkeys/kvsetkeys.sty
Package: kvsetkeys 2022-10-05 v1.19 Key value parser (HO)
) (c:/Users/User/AppData/Roaming/TinyTeX/texmf-dist/tex/generic/kvdefinekeys/kvdefinekeys.sty
Package: kvdefinekeys 2019-12-19 v1.6 Define keys (HO)
) (c:/Users/User/AppData/Roaming/TinyTeX/texmf-dist/tex/generic/pdfescape/pdfescape.sty
Package: pdfescape 2019/12/09 v1.15 Implements pdfTeX's escape features (HO)
(c:/Users/User/AppData/Roaming/TinyTeX/texmf-dist/tex/generic/ltxcmds/ltxcmds.sty
Package: ltxcmds 2023-12-04 v1.26 LaTeX kernel commands for general use (HO)
) (c:/Users/User/AppData/Roaming/TinyTeX/texmf-dist/tex/generic/pdftexcmds/pdftexcmds.sty
Package: pdftexcmds 2020-06-27 v0.33 Utility functions of pdfTeX for LuaTeX (HO)
(c:/Users/User/AppData/Roaming/TinyTeX/texmf-dist/tex/generic/infwarerr/infwarerr.sty
Package: infwarerr 2019/12/03 v1.5 Providing info/warning/error messages (HO)
)
Package pdftexcmds Info: \pdf@primitive is available.
Package pdftexcmds Info: \pdf@ifprimitive is available.
Package pdftexcmds Info: \pdfdraftmode not found.
)) (c:/Users/User/AppData/Roaming/TinyTeX/texmf-dist/tex/latex/hycolor/hycolor.sty
Package: hycolor 2020-01-27 v1.10 Color options for hyperref/bookmark (HO)
) (c:/Users/User/AppData/Roaming/TinyTeX/texmf-dist/tex/latex/hyperref/nameref.sty
Package: nameref 2023-11-26 v2.56 Cross-referencing by name of section
(c:/Users/User/AppData/Roaming/TinyTeX/texmf-dist/tex/latex/refcount/refcount.sty
Package: refcount 2019/12/15 v3.6 Data extraction from label references (HO)
) (c:/Users/User/AppData/Roaming/TinyTeX/texmf-dist/tex/generic/gettitlestring/gettitlestring.sty
Package: gettitlestring 2019/12/15 v1.6 Cleanup title references (HO)
(c:/Users/User/AppData/Roaming/TinyTeX/texmf-dist/tex/latex/kvoptions/kvoptions.sty
Package: kvoptions 2022-06-15 v3.15 Key value format for package options (HO)
))
\c@section@level=\count314
) (c:/Users/User/AppData/Roaming/TinyTeX/texmf-dist/tex/generic/stringenc/stringenc.sty
Package: stringenc 2019/11/29 v1.12 Convert strings between diff. encodings (HO)
)
\@linkdim=\dimen184
\Hy@linkcounter=\count315
\Hy@pagecounter=\count316
(c:/Users/User/AppData/Roaming/TinyTeX/texmf-dist/tex/latex/hyperref/pd1enc.def
File: pd1enc.def 2024-11-05 v7.01l Hyperref: PDFDocEncoding definition (HO)
) (c:/Users/User/AppData/Roaming/TinyTeX/texmf-dist/tex/generic/intcalc/intcalc.sty
Package: intcalc 2019/12/15 v1.3 Expandable calculations with integers (HO)
)
\Hy@SavedSpaceFactor=\count317
(c:/Users/User/AppData/Roaming/TinyTeX/texmf-dist/tex/latex/hyperref/puenc.def
File: puenc.def 2024-11-05 v7.01l Hyperref: PDF Unicode definition (HO)
)
Package hyperref Info: Option `unicode' set `true' on input line 4040.
Package hyperref Info: Hyper figures OFF on input line 4157.
Package hyperref Info: Link nesting OFF on input line 4162.
Package hyperref Info: Hyper index ON on input line 4165.
Package hyperref Info: Plain pages OFF on input line 4172.
Package hyperref Info: Backreferencing OFF on input line 4177.
Package hyperref Info: Implicit mode ON; LaTeX internals redefined.
Package hyperref Info: Bookmarks ON on input line 4424.
\c@Hy@tempcnt=\count318
(c:/Users/User/AppData/Roaming/TinyTeX/texmf-dist/tex/latex/url/url.sty
\Urlmuskip=\muskip19
Package: url 2013/09/16  ver 3.4  Verb mode for urls, etc.
)
LaTeX Info: Redefining \url on input line 4763.
\XeTeXLinkMargin=\dimen185
(c:/Users/User/AppData/Roaming/TinyTeX/texmf-dist/tex/generic/bitset/bitset.sty
Package: bitset 2019/12/09 v1.3 Handle bit-vector datatype (HO)
(c:/Users/User/AppData/Roaming/TinyTeX/texmf-dist/tex/generic/bigintcalc/bigintcalc.sty
Package: bigintcalc 2019/12/15 v1.5 Expandable calculations on big integers (HO)
))
\Fld@menulength=\count319
\Field@Width=\dimen186
\Fld@charsize=\dimen187
Package hyperref Info: Hyper figures OFF on input line 6042.
Package hyperref Info: Link nesting OFF on input line 6047.
Package hyperref Info: Hyper index ON on input line 6050.
Package hyperref Info: backreferencing OFF on input line 6057.
Package hyperref Info: Link coloring OFF on input line 6062.
Package hyperref Info: Link coloring with OCG OFF on input line 6067.
Package hyperref Info: PDF/A mode OFF on input line 6072.
(c:/Users/User/AppData/Roaming/TinyTeX/texmf-dist/tex/latex/base/atbegshi-ltx.sty
Package: atbegshi-ltx 2021/01/10 v1.0c Emulation of the original atbegshi
package with kernel methods
)
\Hy@abspage=\count320
\c@Item=\count321
\c@Hfootnote=\count322
)
Package hyperref Info: Driver (autodetected): hxetex.
(c:/Users/User/AppData/Roaming/TinyTeX/texmf-dist/tex/latex/hyperref/hxetex.def
File: hxetex.def 2024-11-05 v7.01l Hyperref driver for XeTeX
\pdfm@box=\box64
\c@Hy@AnnotLevel=\count323
\HyField@AnnotCount=\count324
\Fld@listcount=\count325
\c@bookmark@seq@number=\count326
(c:/Users/User/AppData/Roaming/TinyTeX/texmf-dist/tex/latex/rerunfilecheck/rerunfilecheck.sty
Package: rerunfilecheck 2022-07-10 v1.10 Rerun checks for auxiliary files (HO)
(c:/Users/User/AppData/Roaming/TinyTeX/texmf-dist/tex/latex/base/atveryend-ltx.sty
Package: atveryend-ltx 2020/08/19 v1.0a Emulation of the original atveryend package
with kernel methods
) (c:/Users/User/AppData/Roaming/TinyTeX/texmf-dist/tex/generic/uniquecounter/uniquecounter.sty
Package: uniquecounter 2019/12/15 v1.4 Provide unlimited unique counter (HO)
)
Package uniquecounter Info: New unique counter `rerunfilecheck' on input line 285.
)
\Hy@SectionHShift=\skip69
) (c:/Users/User/AppData/Roaming/TinyTeX/texmf-dist/tex/latex/bookmark/bkm-dvipdfm.def
File: bkm-dvipdfm.def 2023-12-10 v1.31 bookmark driver for dvipdfm (HO)
\BKM@id=\count327
))
No file build_telegram_bot_using_r.aux.
\openout1 = `build_telegram_bot_using_r.aux'.

LaTeX Font Info:    Checking defaults for OML/cmm/m/it on input line 133.
LaTeX Font Info:    ... okay on input line 133.
LaTeX Font Info:    Checking defaults for OMS/cmsy/m/n on input line 133.
LaTeX Font Info:    ... okay on input line 133.
LaTeX Font Info:    Checking defaults for OT1/cmr/m/n on input line 133.
LaTeX Font Info:    ... okay on input line 133.
LaTeX Font Info:    Checking defaults for T1/cmr/m/n on input line 133.
LaTeX Font Info:    ... okay on input line 133.
LaTeX Font Info:    Checking defaults for TS1/cmr/m/n on input line 133.
LaTeX Font Info:    ... okay on input line 133.
LaTeX Font Info:    Checking defaults for TU/lmr/m/n on input line 133.
LaTeX Font Info:    ... okay on input line 133.
LaTeX Font Info:    Checking defaults for OMX/cmex/m/n on input line 133.
LaTeX Font Info:    ... okay on input line 133.
LaTeX Font Info:    Checking defaults for U/cmr/m/n on input line 133.
LaTeX Font Info:    ... okay on input line 133.
LaTeX Font Info:    Checking defaults for PD1/pdf/m/n on input line 133.
LaTeX Font Info:    ... okay on input line 133.
LaTeX Font Info:    Checking defaults for PU/pdf/m/n on input line 133.
LaTeX Font Info:    ... okay on input line 133.
LaTeX Font Info:    Overwriting math alphabet `\mathsf' in version `normal'
(Font)                  OT1/lmss/m/n --> TU/lmss/m/n on input line 133.
LaTeX Font Info:    Overwriting math alphabet `\mathsf' in version `bold'
(Font)                  OT1/lmss/bx/n --> TU/lmss/b/n on input line 133.
LaTeX Font Info:    Overwriting math alphabet `\mathtt' in version `normal'
(Font)                  OT1/lmtt/m/n --> TU/lmtt/m/n on input line 133.
LaTeX Font Info:    Overwriting math alphabet `\mathtt' in version `bold'
(Font)                  OT1/lmtt/m/n --> TU/lmtt/b/n on input line 133.

Package fontspec Info: 
(fontspec)             latinmodern-math scale = 1.203139548468638.


Package fontspec Info: 
(fontspec)             latinmodern-math scale = 1.203139548468638.


Package fontspec Info: 
(fontspec)             latinmodern-math scale = 1.203139548468638.


Package fontspec Info: 
(fontspec)             Font family 'latinmodern-math.otf(0)' created for font
(fontspec)             'latinmodern-math.otf' with options
(fontspec)             [Scale=MatchLowercase,BoldItalicFont={},ItalicFont={},SmallCapsFont={},Script=Math,BoldFont={latinmodern-math.otf}].
(fontspec)              
(fontspec)              This font family consists of the following NFSS
(fontspec)             series/shapes:
(fontspec)              
(fontspec)             - 'normal' (m/n) with NFSS spec.:
(fontspec)             <->s*[1.203139548468638]"[latinmodern-math.otf]/OT:script=math;language=dflt;"
(fontspec)             - 'bold' (b/n) with NFSS spec.:
(fontspec)             <->s*[1.203139548468638]"[latinmodern-math.otf]/OT:script=math;language=dflt;"

LaTeX Font Info:    Font shape `TU/latinmodern-math.otf(0)/m/n' will be
(Font)              scaled to size 12.0314pt on input line 133.

Package fontspec Info: 
(fontspec)             latinmodern-math scale = 1.203139548468638.


Package fontspec Info: 
(fontspec)             latinmodern-math scale = 1.203139548468638.


Package fontspec Info: 
(fontspec)             latinmodern-math scale = 1.203139548468638.


Package fontspec Info: 
(fontspec)             latinmodern-math scale = 1.203139548468638.


Package fontspec Info: 
(fontspec)             latinmodern-math scale = 1.203139548468638.


Package fontspec Info: 
(fontspec)             Font family 'latinmodern-math.otf(1)' created for font
(fontspec)             'latinmodern-math.otf' with options
(fontspec)             [Scale=MatchLowercase,BoldItalicFont={},ItalicFont={},SmallCapsFont={},Script=Math,SizeFeatures={{Size=8.5-},{Size=6-8.5,Font=latinmodern-math.otf,Style=MathScript},{Size=-6,Font=latinmodern-math.otf,Style=MathScriptScript}},BoldFont={latinmodern-math.otf}].
(fontspec)              
(fontspec)              This font family consists of the following NFSS
(fontspec)             series/shapes:
(fontspec)              
(fontspec)             - 'normal' (m/n) with NFSS spec.:
(fontspec)             <8.5->s*[1.203139548468638]"[latinmodern-math.otf]/OT:script=math;language=dflt;"<6-8.5>s*[1.203139548468638]"[latinmodern-math.otf]/OT:script=math;language=dflt;+ssty=0;"<-6>s*[1.203139548468638]"[latinmodern-math.otf]/OT:script=math;language=dflt;+ssty=1;"
(fontspec)             - 'bold' (b/n) with NFSS spec.:
(fontspec)             <->s*[1.203139548468638]"[latinmodern-math.otf]/OT:script=math;language=dflt;"

LaTeX Font Info:    Font shape `TU/latinmodern-math.otf(1)/m/n' will be
(Font)              scaled to size 12.0314pt on input line 133.
LaTeX Font Info:    Encoding `OT1' has changed to `TU' for symbol font
(Font)              `operators' in the math version `normal' on input line 133.
LaTeX Font Info:    Overwriting symbol font `operators' in version `normal'
(Font)                  OT1/lmr/m/n --> TU/latinmodern-math.otf(1)/m/n on input line 133.
LaTeX Font Info:    Encoding `OT1' has changed to `TU' for symbol font
(Font)              `operators' in the math version `bold' on input line 133.
LaTeX Font Info:    Overwriting symbol font `operators' in version `bold'
(Font)                  OT1/lmr/bx/n --> TU/latinmodern-math.otf(1)/b/n on input line 133.

Package fontspec Info: 
(fontspec)             latinmodern-math scale = 1.203139548468638.


Package fontspec Info: 
(fontspec)             latinmodern-math scale = 1.203259862423485.


Package fontspec Info: 
(fontspec)             latinmodern-math scale = 1.203139548468638.


Package fontspec Info: 
(fontspec)             latinmodern-math scale = 1.203259862423485.


Package fontspec Info: 
(fontspec)             latinmodern-math scale = 1.203139548468638.


Package fontspec Info: 
(fontspec)             latinmodern-math scale = 1.203259862423485.


Package fontspec Info: 
(fontspec)             latinmodern-math scale = 1.203139548468638.


Package fontspec Info: 
(fontspec)             latinmodern-math scale = 1.203259862423485.


Package fontspec Info: 
(fontspec)             latinmodern-math scale = 1.203139548468638.


Package fontspec Info: 
(fontspec)             latinmodern-math scale = 1.203259862423485.


Package fontspec Info: 
(fontspec)             Font family 'latinmodern-math.otf(2)' created for font
(fontspec)             'latinmodern-math.otf' with options
(fontspec)             [Scale=MatchLowercase,BoldItalicFont={},ItalicFont={},SmallCapsFont={},Script=Math,SizeFeatures={{Size=8.5-},{Size=6-8.5,Font=latinmodern-math.otf,Style=MathScript},{Size=-6,Font=latinmodern-math.otf,Style=MathScriptScript}},BoldFont={latinmodern-math.otf},ScaleAgain=1.0001,FontAdjustment={\fontdimen
(fontspec)             8\font =8.14526pt\relax \fontdimen 9\font
(fontspec)             =4.74037pt\relax \fontdimen 10\font =5.34195pt\relax
(fontspec)             \fontdimen 11\font =8.25354pt\relax \fontdimen 12\font
(fontspec)             =4.15083pt\relax \fontdimen 13\font =4.3674pt\relax
(fontspec)             \fontdimen 14\font =4.3674pt\relax \fontdimen 15\font
(fontspec)             =3.47708pt\relax \fontdimen 16\font =2.97176pt\relax
(fontspec)             \fontdimen 17\font =2.97176pt\relax \fontdimen 18\font
(fontspec)             =3.00786pt\relax \fontdimen 19\font =2.40628pt\relax
(fontspec)             \fontdimen 22\font =3.00786pt\relax \fontdimen 20\font
(fontspec)             =0pt\relax \fontdimen 21\font =0pt\relax }].
(fontspec)              
(fontspec)              This font family consists of the following NFSS
(fontspec)             series/shapes:
(fontspec)              
(fontspec)             - 'normal' (m/n) with NFSS spec.:
(fontspec)             <8.5->s*[1.203259862423485]"[latinmodern-math.otf]/OT:script=math;language=dflt;"<6-8.5>s*[1.203259862423485]"[latinmodern-math.otf]/OT:script=math;language=dflt;+ssty=0;"<-6>s*[1.203259862423485]"[latinmodern-math.otf]/OT:script=math;language=dflt;+ssty=1;"
(fontspec)             - 'bold' (b/n) with NFSS spec.:
(fontspec)             <->s*[1.203259862423485]"[latinmodern-math.otf]/OT:script=math;language=dflt;"

LaTeX Font Info:    Encoding `OMS' has changed to `TU' for symbol font
(Font)              `symbols' in the math version `normal' on input line 133.
LaTeX Font Info:    Overwriting symbol font `symbols' in version `normal'
(Font)                  OMS/lmsy/m/n --> TU/latinmodern-math.otf(2)/m/n on input line 133.
LaTeX Font Info:    Encoding `OMS' has changed to `TU' for symbol font
(Font)              `symbols' in the math version `bold' on input line 133.
LaTeX Font Info:    Overwriting symbol font `symbols' in version `bold'
(Font)                  OMS/lmsy/b/n --> TU/latinmodern-math.otf(2)/b/n on input line 133.

Package fontspec Info: 
(fontspec)             latinmodern-math scale = 1.203139548468638.


Package fontspec Info: 
(fontspec)             latinmodern-math scale = 1.203019234513791.


Package fontspec Info: 
(fontspec)             latinmodern-math scale = 1.203139548468638.


Package fontspec Info: 
(fontspec)             latinmodern-math scale = 1.203019234513791.


Package fontspec Info: 
(fontspec)             latinmodern-math scale = 1.203139548468638.


Package fontspec Info: 
(fontspec)             latinmodern-math scale = 1.203019234513791.


Package fontspec Info: 
(fontspec)             latinmodern-math scale = 1.203139548468638.


Package fontspec Info: 
(fontspec)             latinmodern-math scale = 1.203019234513791.


Package fontspec Info: 
(fontspec)             latinmodern-math scale = 1.203139548468638.


Package fontspec Info: 
(fontspec)             latinmodern-math scale = 1.203019234513791.


Package fontspec Info: 
(fontspec)             Font family 'latinmodern-math.otf(3)' created for font
(fontspec)             'latinmodern-math.otf' with options
(fontspec)             [Scale=MatchLowercase,BoldItalicFont={},ItalicFont={},SmallCapsFont={},Script=Math,SizeFeatures={{Size=8.5-},{Size=6-8.5,Font=latinmodern-math.otf,Style=MathScript},{Size=-6,Font=latinmodern-math.otf,Style=MathScriptScript}},BoldFont={latinmodern-math.otf},ScaleAgain=0.9999,FontAdjustment={\fontdimen
(fontspec)             8\font =0.48126pt\relax \fontdimen 9\font
(fontspec)             =2.40628pt\relax \fontdimen 10\font =2.00925pt\relax
(fontspec)             \fontdimen 11\font =1.33548pt\relax \fontdimen 12\font
(fontspec)             =7.21884pt\relax \fontdimen 13\font =0pt\relax }].
(fontspec)              
(fontspec)              This font family consists of the following NFSS
(fontspec)             series/shapes:
(fontspec)              
(fontspec)             - 'normal' (m/n) with NFSS spec.:
(fontspec)             <8.5->s*[1.203019234513791]"[latinmodern-math.otf]/OT:script=math;language=dflt;"<6-8.5>s*[1.203019234513791]"[latinmodern-math.otf]/OT:script=math;language=dflt;+ssty=0;"<-6>s*[1.203019234513791]"[latinmodern-math.otf]/OT:script=math;language=dflt;+ssty=1;"
(fontspec)             - 'bold' (b/n) with NFSS spec.:
(fontspec)             <->s*[1.203019234513791]"[latinmodern-math.otf]/OT:script=math;language=dflt;"

LaTeX Font Info:    Encoding `OMX' has changed to `TU' for symbol font
(Font)              `largesymbols' in the math version `normal' on input line 133.
LaTeX Font Info:    Overwriting symbol font `largesymbols' in version `normal'
(Font)                  OMX/lmex/m/n --> TU/latinmodern-math.otf(3)/m/n on input line 133.
LaTeX Font Info:    Encoding `OMX' has changed to `TU' for symbol font
(Font)              `largesymbols' in the math version `bold' on input line 133.
LaTeX Font Info:    Overwriting symbol font `largesymbols' in version `bold'
(Font)                  OMX/lmex/m/n --> TU/latinmodern-math.otf(3)/b/n on input line 133.
Package hyperref Info: Link coloring OFF on input line 133.

Package hyperref Warning: Rerun to get /PageLabels entry.

LaTeX Font Info:    Font shape `TU/Arial(0)/m/n' will be
(Font)              scaled to size 17.28pt on input line 135.
LaTeX Font Info:    Font shape `TU/Arial(0)/m/n' will be
(Font)              scaled to size 12.0pt on input line 135.
LaTeX Font Info:    Font shape `TU/latinmodern-math.otf(1)/m/n' will be
(Font)              scaled to size 14.43768pt on input line 135.
LaTeX Font Info:    Font shape `TU/latinmodern-math.otf(1)/m/n' will be
(Font)              scaled to size 9.62512pt on input line 135.
LaTeX Font Info:    Font shape `TU/latinmodern-math.otf(1)/m/n' will be
(Font)              scaled to size 7.21884pt on input line 135.
LaTeX Font Info:    Trying to load font information for OML+lmm on input line 135.
(c:/Users/User/AppData/Roaming/TinyTeX/texmf-dist/tex/latex/lm/omllmm.fd
File: omllmm.fd 2015/05/01 v1.6.1 Font defs for Latin Modern
)
LaTeX Font Info:    Font shape `TU/latinmodern-math.otf(2)/m/n' will be
(Font)              scaled to size 14.43915pt on input line 135.
LaTeX Font Info:    Font shape `TU/latinmodern-math.otf(2)/m/n' will be
(Font)              scaled to size 9.6261pt on input line 135.
LaTeX Font Info:    Font shape `TU/latinmodern-math.otf(2)/m/n' will be
(Font)              scaled to size 7.21957pt on input line 135.
LaTeX Font Info:    Font shape `TU/latinmodern-math.otf(3)/m/n' will be
(Font)              scaled to size 14.43622pt on input line 135.
LaTeX Font Info:    Font shape `TU/latinmodern-math.otf(3)/m/n' will be
(Font)              scaled to size 9.62415pt on input line 135.
LaTeX Font Info:    Font shape `TU/latinmodern-math.otf(3)/m/n' will be
(Font)              scaled to size 7.21811pt on input line 135.
LaTeX Font Info:    Trying to load font information for U+msa on input line 135.
(c:/Users/User/AppData/Roaming/TinyTeX/texmf-dist/tex/latex/amsfonts/umsa.fd
File: umsa.fd 2013/01/14 v3.01 AMS symbols A
)
LaTeX Font Info:    Trying to load font information for U+msb on input line 135.
(c:/Users/User/AppData/Roaming/TinyTeX/texmf-dist/tex/latex/amsfonts/umsb.fd
File: umsb.fd 2013/01/14 v3.01 AMS symbols B
)

[1


]

LaTeX Font Info:    Font shape `TU/Arial(0)/m/sl' in size <10> not available
(Font)              Font shape `TU/Arial(0)/m/it' tried instead on input line 138.
LaTeX Font Info:    Font shape `TU/Arial(0)/m/it' will be
(Font)              scaled to size 10.0pt on input line 138.
[2

]
LaTeX Font Info:    Font shape `TU/Arial(0)/m/n' will be
(Font)              scaled to size 24.88pt on input line 138.
LaTeX Font Info:    Font shape `TU/Arial(0)/b/n' will be
(Font)              scaled to size 24.88pt on input line 138.
No file build_telegram_bot_using_r.toc.
\tf@toc=\write4
\openout4 = `build_telegram_bot_using_r.toc'.



[3]

[4

]
Underfull \hbox (badness 2205) in paragraph at lines 147--148
\TU/Arial(0)/m/n/10 операции: отправлять и запрашивать данные, запускать задачи на
 []


Underfull \hbox (badness 1067) in paragraph at lines 149--150
[]\TU/Arial(0)/m/n/10 Этот веб-учебник научит вас разрабатывать Telegram-ботов на языке
 []


Underfull \hbox (badness 3189) in paragraph at lines 153--154
\TU/Arial(0)/m/n/10 всего учебника, является telegram.bot. Каждая глава завершается
 []

LaTeX Font Info:    Font shape `TU/Arial(0)/m/n' will be
(Font)              scaled to size 14.4pt on input line 155.
LaTeX Font Info:    Font shape `TU/Arial(0)/b/n' will be
(Font)              scaled to size 14.4pt on input line 155.

Overfull \hbox (8.56862pt too wide) in paragraph at lines 155--155
[][]\TU/Arial(0)/b/n/14.4 Навыки необходимые для прохождения учебника 
 []


Underfull \hbox (badness 3168) in paragraph at lines 158--159
\TU/Arial(0)/m/n/10 от выбранного язка программирования. Поэтому в этой книге не
 []



[5]
Underfull \hbox (badness 2158) in paragraph at lines 201--202
[]\TU/Arial(0)/m/n/10 Неоднократно выступал в роли спикера на различных конференция
 []


Underfull \hbox (badness 1735) in paragraph at lines 205--206
\TU/Arial(0)/m/n/10 Веду собственный []блог[], который служит агрегатором моих статей с
 []


Underfull \hbox (badness 4429) in paragraph at lines 207--208
\TU/Arial(0)/m/n/10 вебинары и заметками. В 2020 году запустил []YouTube канал[] с
 []



[6]
Underfull \hbox (badness 1845) in paragraph at lines 217--218
[]\TU/Arial(0)/m/n/10 Кроме того, если у вас есть предложения по улучшению учебника,
 []

LaTeX Font Info:    Font shape `TU/latinmodern-math.otf(1)/m/n' will be
(Font)              scaled to size 8.42198pt on input line 221.
LaTeX Font Info:    Font shape `TU/latinmodern-math.otf(1)/m/n' will be
(Font)              scaled to size 6.0157pt on input line 221.
LaTeX Font Info:    Font shape `TU/latinmodern-math.otf(2)/m/n' will be
(Font)              scaled to size 12.03262pt on input line 221.
LaTeX Font Info:    Font shape `TU/latinmodern-math.otf(2)/m/n' will be
(Font)              scaled to size 8.42284pt on input line 221.
LaTeX Font Info:    Font shape `TU/latinmodern-math.otf(2)/m/n' will be
(Font)              scaled to size 6.01631pt on input line 221.
LaTeX Font Info:    Font shape `TU/latinmodern-math.otf(3)/m/n' will be
(Font)              scaled to size 12.03018pt on input line 221.
LaTeX Font Info:    Font shape `TU/latinmodern-math.otf(3)/m/n' will be
(Font)              scaled to size 8.42113pt on input line 221.
LaTeX Font Info:    Font shape `TU/latinmodern-math.otf(3)/m/n' will be
(Font)              scaled to size 6.01509pt on input line 221.


[7]

[8

]
LaTeX Font Info:    Font shape `TU/Arial(0)/b/n' will be
(Font)              scaled to size 10.0pt on input line 246.

Underfull \hbox (badness 4467) in paragraph at lines 248--250
[]\TU/Arial(0)/b/n/10 Команды и фильтры\TU/Arial(0)/m/n/10 : Вы увидите, как добавлять команды
 []


Underfull \hbox (badness 3281) in paragraph at lines 248--250
\TU/Arial(0)/m/n/10 для управления ботом и настраивать фильтры для обработки
 []


Underfull \hbox (badness 1635) in paragraph at lines 248--250
\TU/Arial(0)/m/n/10 сообщений. Это позволит вашему боту выполнять команды и
 []


Underfull \hbox (badness 1205) in paragraph at lines 250--252
[]\TU/Arial(0)/b/n/10 Клавиатуры\TU/Arial(0)/m/n/10 : В этой части книги мы погрузимся в создание и
 []


Underfull \hbox (badness 1460) in paragraph at lines 250--252
\TU/Arial(0)/m/n/10 настройку двух типов клавиатур: reply и inline. Вы научитесь
 []


Underfull \hbox (badness 10000) in paragraph at lines 250--252
\TU/Arial(0)/m/n/10 добавлять интерактивные элементы в чат, которые помогут
 []


Underfull \hbox (badness 4739) in paragraph at lines 250--252
\TU/Arial(0)/m/n/10 пользователям легко выбирать варианты и взаимодействовать
 []


Overfull \hbox (34.12325pt too wide) in paragraph at lines 252--254
[]\TU/Arial(0)/b/n/10 Последовательные диалоги\TU/Arial(0)/m/n/10 : Мы изучим, как создавать последовательные
 []


Underfull \hbox (badness 1742) in paragraph at lines 252--254
\TU/Arial(0)/m/n/10 осмысленное взаимодействие с пользователями. Это поможет
 []


Underfull \hbox (badness 6078) in paragraph at lines 256--258
[]\TU/Arial(0)/b/n/10 Повышение стабильности\TU/Arial(0)/m/n/10 : Мы обсудим методы улучшения
 []



[9]
Underfull \hbox (badness 1622) in paragraph at lines 258--260
[]\TU/Arial(0)/b/n/10 Асинхронность\TU/Arial(0)/m/n/10 : Узнаете, как внедрить асинхронные операции
 []


Underfull \hbox (badness 5490) in paragraph at lines 260--262
[]\TU/Arial(0)/b/n/10 Упаковка в Docker\TU/Arial(0)/m/n/10 : Научитесь создавать Docker-контейнеры
 []


Underfull \hbox (badness 1122) in paragraph at lines 265--266
\TU/Arial(0)/m/n/10 которые помогут вам не только понять теоретические аспекты, но и
 []


Underfull \hbox (badness 1635) in paragraph at lines 265--266
\TU/Arial(0)/m/n/10 применять их на практике. Мы также обсудим общие проблемы и
 []


Underfull \hbox (badness 4266) in paragraph at lines 267--268
\TU/Arial(0)/m/n/10 ботов. Надеюсь, что вы найдете её полезной, увлекательной и
 []


Underfull \hbox (badness 2662) in paragraph at lines 267--268
\TU/Arial(0)/m/n/10 вдохновляющей на пути к созданию успешного бота. Желаю вам
 []



[10]
Chapter 1.
LaTeX Font Info:    Font shape `TU/Arial(0)/m/n' will be
(Font)              scaled to size 20.74pt on input line 269.
LaTeX Font Info:    Font shape `TU/Arial(0)/b/n' will be
(Font)              scaled to size 20.74pt on input line 269.

Underfull \hbox (badness 1173) in paragraph at lines 275--276
\TU/Arial(0)/m/n/10 работы с ботами станет для вас вдохновляющим шагом к созданию
 []

LaTeX Font Info:    Font shape `TU/Arial(0)/b/n' will be
(Font)              scaled to size 12.0pt on input line 279.

Underfull \vbox (badness 10000) has occurred while \output is active []



[11

]
Overfull \hbox (353.25pt too wide) in paragraph at lines 318--318
[]\TU/lmtt/m/n/10 I can help you create and manage Telegram bots. If you're new to the Bot API, please see the manual (https://core.telegram.org/bots).[] 
 []


Overfull \hbox (27.75pt too wide) in paragraph at lines 318--318
[]\TU/lmtt/m/n/10 /setinline - toggle inline mode (https://core.telegram.org/bots/inline)[] 
 []


Overfull \hbox (232.5pt too wide) in paragraph at lines 318--318
[]\TU/lmtt/m/n/10 /setinlinegeo - toggle inline location requests (https://core.telegram.org/bots/inline#location-based-results)[] 
 []


Overfull \hbox (243.0pt too wide) in paragraph at lines 318--318
[]\TU/lmtt/m/n/10 /setinlinefeedback - change inline feedback (https://core.telegram.org/bots/inline#collecting-feedback) settings[] 
 []


Overfull \hbox (122.25pt too wide) in paragraph at lines 318--318
[]\TU/lmtt/m/n/10 /setprivacy - toggle privacy mode (https://core.telegram.org/bots#privacy-mode) in groups[] 
 []


Overfull \hbox (33.0pt too wide) in paragraph at lines 318--318
[]\TU/lmtt/m/n/10 /mygames - edit your games (https://core.telegram.org/bots/games) [beta][] 
 []


Overfull \hbox (6.75pt too wide) in paragraph at lines 318--318
[]\TU/lmtt/m/n/10 /newgame - create a new game (https://core.telegram.org/bots/games)[] 
 []




Overfull \hbox (112.48839pt too wide) has occurred while \output is active
\TU/Arial(0)/m/n/10 12 \TU/Arial(0)/m/it/10 CHAPTER 1.  СОЗДАЁМ БОТА, И ОТПРАВЛЯЕМ С ЕГО ПОМОЩЬЮ СООБЩЕНИЯ В TELEGRAM
 []

[12]
Overfull \hbox (90.75pt too wide) in paragraph at lines 336--336
[]\TU/lmtt/m/n/10 Alright, a new bot. How are we going to call it? Please choose a name for your bot.[] 
 []


Overfull \hbox (274.5pt too wide) in paragraph at lines 336--336
[]\TU/lmtt/m/n/10 Good. Now let's choose a username for your bot. It must end in `bot`. Like this, for example: TetrisBot or tetris_bot.[] 
 []


Overfull \hbox (1592.25pt too wide) in paragraph at lines 349--349
[]\TU/lmtt/m/n/10 Done! Congratulations on your new bot. You will find it at t.me/my_test_bot. You can now add a description, about section and profile picture for your bot, see /help for a list of commands. By the way, when you've finished creating your cool bot, ping our Bot Support if you want a better username for it. Just make sure the bot is fully operational before you do this.[] 
 []


Overfull \hbox (90.75pt too wide) in paragraph at lines 349--349
[]\TU/lmtt/m/n/10 For a description of the Bot API, see this page: https://core.telegram.org/bots/api[] 
 []


Underfull \hbox (badness 4699) in paragraph at lines 353--354
[]\TU/Arial(0)/m/n/10 Более подробно о возможностях \TU/Arial(0)/b/n/10 BotFather \TU/Arial(0)/m/n/10 можно узнать из []этой
 []


Underfull \hbox (badness 8000) in paragraph at lines 361--362
\TU/Arial(0)/m/n/10 поэтому для установки нужного нам пакета используйте команду
 []



[13]
LaTeX Font Info:    Font shape `TU/lmtt/bx/n' in size <10> not available
(Font)              Font shape `TU/lmtt/b/n' tried instead on input line 369.
Missing character: There is no с (U+0441) in font [lmmono10-italic]:!
Missing character: There is no о (U+043E) in font [lmmono10-italic]:!
Missing character: There is no з (U+0437) in font [lmmono10-italic]:!
Missing character: There is no д (U+0434) in font [lmmono10-italic]:!
Missing character: There is no а (U+0430) in font [lmmono10-italic]:!
Missing character: There is no ё (U+0451) in font [lmmono10-italic]:!
Missing character: There is no м (U+043C) in font [lmmono10-italic]:!
Missing character: There is no э (U+044D) in font [lmmono10-italic]:!
Missing character: There is no к (U+043A) in font [lmmono10-italic]:!
Missing character: There is no з (U+0437) in font [lmmono10-italic]:!
Missing character: There is no е (U+0435) in font [lmmono10-italic]:!
Missing character: There is no м (U+043C) in font [lmmono10-italic]:!
Missing character: There is no п (U+043F) in font [lmmono10-italic]:!
Missing character: There is no л (U+043B) in font [lmmono10-italic]:!
Missing character: There is no я (U+044F) in font [lmmono10-italic]:!
Missing character: There is no р (U+0440) in font [lmmono10-italic]:!
Missing character: There is no б (U+0431) in font [lmmono10-italic]:!
Missing character: There is no о (U+043E) in font [lmmono10-italic]:!
Missing character: There is no т (U+0442) in font [lmmono10-italic]:!
Missing character: There is no а (U+0430) in font [lmmono10-italic]:!
Missing character: There is no З (U+0417) in font [lmmono10-italic]:!
Missing character: There is no а (U+0430) in font [lmmono10-italic]:!
Missing character: There is no п (U+043F) in font [lmmono10-italic]:!
Missing character: There is no р (U+0440) in font [lmmono10-italic]:!
Missing character: There is no а (U+0430) in font [lmmono10-italic]:!
Missing character: There is no ш (U+0448) in font [lmmono10-italic]:!
Missing character: There is no и (U+0438) in font [lmmono10-italic]:!
Missing character: There is no в (U+0432) in font [lmmono10-italic]:!
Missing character: There is no а (U+0430) in font [lmmono10-italic]:!
Missing character: There is no е (U+0435) in font [lmmono10-italic]:!
Missing character: There is no м (U+043C) in font [lmmono10-italic]:!
Missing character: There is no и (U+0438) in font [lmmono10-italic]:!
Missing character: There is no н (U+043D) in font [lmmono10-italic]:!
Missing character: There is no ф (U+0444) in font [lmmono10-italic]:!
Missing character: There is no о (U+043E) in font [lmmono10-italic]:!
Missing character: There is no р (U+0440) in font [lmmono10-italic]:!
Missing character: There is no м (U+043C) in font [lmmono10-italic]:!
Missing character: There is no а (U+0430) in font [lmmono10-italic]:!
Missing character: There is no ц (U+0446) in font [lmmono10-italic]:!
Missing character: There is no и (U+0438) in font [lmmono10-italic]:!
Missing character: There is no ю (U+044E) in font [lmmono10-italic]:!
Missing character: There is no о (U+043E) in font [lmmono10-italic]:!
Missing character: There is no б (U+0431) in font [lmmono10-italic]:!
Missing character: There is no о (U+043E) in font [lmmono10-italic]:!
Missing character: There is no т (U+0442) in font [lmmono10-italic]:!
Missing character: There is no е (U+0435) in font [lmmono10-italic]:!
Missing character: There is no П (U+041F) in font [lmmono10-italic]:!
Missing character: There is no о (U+043E) in font [lmmono10-italic]:!
Missing character: There is no л (U+043B) in font [lmmono10-italic]:!
Missing character: There is no у (U+0443) in font [lmmono10-italic]:!
Missing character: There is no ч (U+0447) in font [lmmono10-italic]:!
Missing character: There is no а (U+0430) in font [lmmono10-italic]:!
Missing character: There is no е (U+0435) in font [lmmono10-italic]:!
Missing character: There is no м (U+043C) in font [lmmono10-italic]:!
Missing character: There is no о (U+043E) in font [lmmono10-italic]:!
Missing character: There is no б (U+0431) in font [lmmono10-italic]:!
Missing character: There is no н (U+043D) in font [lmmono10-italic]:!
Missing character: There is no о (U+043E) in font [lmmono10-italic]:!
Missing character: There is no в (U+0432) in font [lmmono10-italic]:!
Missing character: There is no л (U+043B) in font [lmmono10-italic]:!
Missing character: There is no е (U+0435) in font [lmmono10-italic]:!
Missing character: There is no н (U+043D) in font [lmmono10-italic]:!
Missing character: There is no и (U+0438) in font [lmmono10-italic]:!
Missing character: There is no я (U+044F) in font [lmmono10-italic]:!
Missing character: There is no б (U+0431) in font [lmmono10-italic]:!
Missing character: There is no о (U+043E) in font [lmmono10-italic]:!
Missing character: There is no т (U+0442) in font [lmmono10-italic]:!
Missing character: There is no а (U+0430) in font [lmmono10-italic]:!
Missing character: There is no т (U+0442) in font [lmmono10-italic]:!
Missing character: There is no е (U+0435) in font [lmmono10-italic]:!
Missing character: There is no с (U+0441) in font [lmmono10-italic]:!
Missing character: There is no п (U+043F) in font [lmmono10-italic]:!
Missing character: There is no и (U+0438) in font [lmmono10-italic]:!
Missing character: There is no с (U+0441) in font [lmmono10-italic]:!
Missing character: There is no о (U+043E) in font [lmmono10-italic]:!
Missing character: There is no к (U+043A) in font [lmmono10-italic]:!
Missing character: There is no о (U+043E) in font [lmmono10-italic]:!
Missing character: There is no т (U+0442) in font [lmmono10-italic]:!
Missing character: There is no п (U+043F) in font [lmmono10-italic]:!
Missing character: There is no р (U+0440) in font [lmmono10-italic]:!
Missing character: There is no а (U+0430) in font [lmmono10-italic]:!
Missing character: There is no в (U+0432) in font [lmmono10-italic]:!
Missing character: There is no л (U+043B) in font [lmmono10-italic]:!
Missing character: There is no е (U+0435) in font [lmmono10-italic]:!
Missing character: There is no н (U+043D) in font [lmmono10-italic]:!
Missing character: There is no н (U+043D) in font [lmmono10-italic]:!
Missing character: There is no ы (U+044B) in font [lmmono10-italic]:!
Missing character: There is no х (U+0445) in font [lmmono10-italic]:!
Missing character: There is no е (U+0435) in font [lmmono10-italic]:!
Missing character: There is no м (U+043C) in font [lmmono10-italic]:!
Missing character: There is no у (U+0443) in font [lmmono10-italic]:!
Missing character: There is no с (U+0441) in font [lmmono10-italic]:!
Missing character: There is no о (U+043E) in font [lmmono10-italic]:!
Missing character: There is no о (U+043E) in font [lmmono10-italic]:!
Missing character: There is no б (U+0431) in font [lmmono10-italic]:!
Missing character: There is no щ (U+0449) in font [lmmono10-italic]:!
Missing character: There is no е (U+0435) in font [lmmono10-italic]:!
Missing character: There is no н (U+043D) in font [lmmono10-italic]:!
Missing character: There is no и (U+0438) in font [lmmono10-italic]:!
Missing character: There is no й (U+0439) in font [lmmono10-italic]:!
Missing character: There is no З (U+0417) in font [lmmono10-italic]:!
Missing character: There is no а (U+0430) in font [lmmono10-italic]:!
Missing character: There is no п (U+043F) in font [lmmono10-italic]:!
Missing character: There is no р (U+0440) in font [lmmono10-italic]:!
Missing character: There is no а (U+0430) in font [lmmono10-italic]:!
Missing character: There is no ш (U+0448) in font [lmmono10-italic]:!
Missing character: There is no и (U+0438) in font [lmmono10-italic]:!
Missing character: There is no в (U+0432) in font [lmmono10-italic]:!
Missing character: There is no а (U+0430) in font [lmmono10-italic]:!
Missing character: There is no е (U+0435) in font [lmmono10-italic]:!
Missing character: There is no м (U+043C) in font [lmmono10-italic]:!
Missing character: There is no и (U+0438) in font [lmmono10-italic]:!
Missing character: There is no д (U+0434) in font [lmmono10-italic]:!
Missing character: There is no е (U+0435) in font [lmmono10-italic]:!
Missing character: There is no н (U+043D) in font [lmmono10-italic]:!
Missing character: There is no т (U+0442) in font [lmmono10-italic]:!
Missing character: There is no и (U+0438) in font [lmmono10-italic]:!
Missing character: There is no ф (U+0444) in font [lmmono10-italic]:!
Missing character: There is no и (U+0438) in font [lmmono10-italic]:!
Missing character: There is no к (U+043A) in font [lmmono10-italic]:!
Missing character: There is no а (U+0430) in font [lmmono10-italic]:!
Missing character: There is no т (U+0442) in font [lmmono10-italic]:!
Missing character: There is no о (U+043E) in font [lmmono10-italic]:!
Missing character: There is no р (U+0440) in font [lmmono10-italic]:!
Missing character: There is no ч (U+0447) in font [lmmono10-italic]:!
Missing character: There is no а (U+0430) in font [lmmono10-italic]:!
Missing character: There is no т (U+0442) in font [lmmono10-italic]:!
Missing character: There is no а (U+0430) in font [lmmono10-italic]:!
Missing character: There is no П (U+041F) in font [lmmono10-italic]:!
Missing character: There is no р (U+0440) in font [lmmono10-italic]:!
Missing character: There is no и (U+0438) in font [lmmono10-italic]:!
Missing character: There is no м (U+043C) in font [lmmono10-italic]:!
Missing character: There is no е (U+0435) in font [lmmono10-italic]:!
Missing character: There is no ч (U+0447) in font [lmmono10-italic]:!
Missing character: There is no а (U+0430) in font [lmmono10-italic]:!
Missing character: There is no н (U+043D) in font [lmmono10-italic]:!
Missing character: There is no и (U+0438) in font [lmmono10-italic]:!
Missing character: There is no е (U+0435) in font [lmmono10-italic]:!
Missing character: There is no п (U+043F) in font [lmmono10-italic]:!
Missing character: There is no е (U+0435) in font [lmmono10-italic]:!
Missing character: There is no р (U+0440) in font [lmmono10-italic]:!
Missing character: There is no е (U+0435) in font [lmmono10-italic]:!
Missing character: There is no д (U+0434) in font [lmmono10-italic]:!
Missing character: There is no з (U+0437) in font [lmmono10-italic]:!
Missing character: There is no а (U+0430) in font [lmmono10-italic]:!
Missing character: There is no п (U+043F) in font [lmmono10-italic]:!
Missing character: There is no р (U+0440) in font [lmmono10-italic]:!
Missing character: There is no о (U+043E) in font [lmmono10-italic]:!
Missing character: There is no с (U+0441) in font [lmmono10-italic]:!
Missing character: There is no о (U+043E) in font [lmmono10-italic]:!
Missing character: There is no м (U+043C) in font [lmmono10-italic]:!
Missing character: There is no о (U+043E) in font [lmmono10-italic]:!
Missing character: There is no б (U+0431) in font [lmmono10-italic]:!
Missing character: There is no н (U+043D) in font [lmmono10-italic]:!
Missing character: There is no о (U+043E) in font [lmmono10-italic]:!
Missing character: There is no в (U+0432) in font [lmmono10-italic]:!
Missing character: There is no л (U+043B) in font [lmmono10-italic]:!
Missing character: There is no е (U+0435) in font [lmmono10-italic]:!
Missing character: There is no н (U+043D) in font [lmmono10-italic]:!
Missing character: There is no и (U+0438) in font [lmmono10-italic]:!
Missing character: There is no й (U+0439) in font [lmmono10-italic]:!
Missing character: There is no в (U+0432) in font [lmmono10-italic]:!
Missing character: There is no ы (U+044B) in font [lmmono10-italic]:!
Missing character: There is no д (U+0434) in font [lmmono10-italic]:!
Missing character: There is no о (U+043E) in font [lmmono10-italic]:!
Missing character: There is no л (U+043B) in font [lmmono10-italic]:!
Missing character: There is no ж (U+0436) in font [lmmono10-italic]:!
Missing character: There is no н (U+043D) in font [lmmono10-italic]:!
Missing character: There is no ы (U+044B) in font [lmmono10-italic]:!
Missing character: There is no о (U+043E) in font [lmmono10-italic]:!
Missing character: There is no т (U+0442) in font [lmmono10-italic]:!
Missing character: There is no п (U+043F) in font [lmmono10-italic]:!
Missing character: There is no р (U+0440) in font [lmmono10-italic]:!
Missing character: There is no а (U+0430) in font [lmmono10-italic]:!
Missing character: There is no в (U+0432) in font [lmmono10-italic]:!
Missing character: There is no и (U+0438) in font [lmmono10-italic]:!
Missing character: There is no т (U+0442) in font [lmmono10-italic]:!
Missing character: There is no ь (U+044C) in font [lmmono10-italic]:!
Missing character: There is no б (U+0431) in font [lmmono10-italic]:!
Missing character: There is no о (U+043E) in font [lmmono10-italic]:!
Missing character: There is no т (U+0442) in font [lmmono10-italic]:!
Missing character: There is no у (U+0443) in font [lmmono10-italic]:!
Missing character: There is no с (U+0441) in font [lmmono10-italic]:!
Missing character: There is no о (U+043E) in font [lmmono10-italic]:!
Missing character: There is no о (U+043E) in font [lmmono10-italic]:!
Missing character: There is no б (U+0431) in font [lmmono10-italic]:!
Missing character: There is no щ (U+0449) in font [lmmono10-italic]:!
Missing character: There is no е (U+0435) in font [lmmono10-italic]:!
Missing character: There is no н (U+043D) in font [lmmono10-italic]:!
Missing character: There is no и (U+0438) in font [lmmono10-italic]:!
Missing character: There is no е (U+0435) in font [lmmono10-italic]:!

Underfull \hbox (badness 1997) in paragraph at lines 400--401
[]\TU/Arial(0)/m/n/10 Изначально мы создаём экземпляр нашего бота функцией \TU/lmtt/m/n/10 Bot()\TU/Arial(0)/m/n/10 , в
 []

Missing character: There is no И (U+0418) in font [lmmono10-regular]:!
Missing character: There is no М (U+041C) in font [lmmono10-regular]:!
Missing character: There is no Я (U+042F) in font [lmmono10-regular]:!
Missing character: There is no В (U+0412) in font [lmmono10-regular]:!
Missing character: There is no А (U+0410) in font [lmmono10-regular]:!
Missing character: There is no Ш (U+0428) in font [lmmono10-regular]:!
Missing character: There is no Е (U+0415) in font [lmmono10-regular]:!
Missing character: There is no Г (U+0413) in font [lmmono10-regular]:!
Missing character: There is no О (U+041E) in font [lmmono10-regular]:!
Missing character: There is no Б (U+0411) in font [lmmono10-regular]:!
Missing character: There is no О (U+041E) in font [lmmono10-regular]:!
Missing character: There is no Т (U+0422) in font [lmmono10-regular]:!
Missing character: There is no А (U+0410) in font [lmmono10-regular]:!
Missing character: There is no И (U+0418) in font [lmmono10-regular]:!
Missing character: There is no М (U+041C) in font [lmmono10-regular]:!
Missing character: There is no Я (U+042F) in font [lmmono10-regular]:!
Missing character: There is no В (U+0412) in font [lmmono10-regular]:!
Missing character: There is no А (U+0410) in font [lmmono10-regular]:!
Missing character: There is no Ш (U+0428) in font [lmmono10-regular]:!
Missing character: There is no Е (U+0415) in font [lmmono10-regular]:!
Missing character: There is no Г (U+0413) in font [lmmono10-regular]:!
Missing character: There is no О (U+041E) in font [lmmono10-regular]:!
Missing character: There is no Б (U+0411) in font [lmmono10-regular]:!
Missing character: There is no О (U+041E) in font [lmmono10-regular]:!
Missing character: There is no Т (U+0422) in font [lmmono10-regular]:!
Missing character: There is no А (U+0410) in font [lmmono10-regular]:!

Underfull \hbox (badness 2393) in paragraph at lines 402--403
[]\TU/Arial(0)/m/n/10 Хранить токен в коде считается не лучшей практикой, поэтому вы
 []


Underfull \hbox (badness 6842) in paragraph at lines 404--405
\TU/Arial(0)/m/n/10 о наиболее универсальном и кроссплатформенном. Создайте в
 []


Underfull \hbox (badness 1184) in paragraph at lines 404--405
\TU/Arial(0)/m/n/10 вашей домашней директории (узнать её можно с помощью команды
 []


Overfull \hbox (0.39488pt too wide) in paragraph at lines 404--405
\TU/Arial(0)/m/n/10 также можно с помощью команды \TU/lmtt/m/n/10 file.edit(path.expand(file.path("~",
 []




Overfull \hbox (112.48839pt too wide) has occurred while \output is active
\TU/Arial(0)/m/n/10 14 \TU/Arial(0)/m/it/10 CHAPTER 1.  СОЗДАЁМ БОТА, И ОТПРАВЛЯЕМ С ЕГО ПОМОЩЬЮ СООБЩЕНИЯ В TELEGRAM
 []

[14]
Missing character: There is no И (U+0418) in font [lmmono10-regular]:!
Missing character: There is no М (U+041C) in font [lmmono10-regular]:!
Missing character: There is no Я (U+042F) in font [lmmono10-regular]:!
Missing character: There is no В (U+0412) in font [lmmono10-regular]:!
Missing character: There is no А (U+0410) in font [lmmono10-regular]:!
Missing character: There is no Ш (U+0428) in font [lmmono10-regular]:!
Missing character: There is no Е (U+0415) in font [lmmono10-regular]:!
Missing character: There is no Г (U+0413) in font [lmmono10-regular]:!
Missing character: There is no О (U+041E) in font [lmmono10-regular]:!
Missing character: There is no Б (U+0411) in font [lmmono10-regular]:!
Missing character: There is no О (U+041E) in font [lmmono10-regular]:!
Missing character: There is no Т (U+0422) in font [lmmono10-regular]:!
Missing character: There is no А (U+0410) in font [lmmono10-regular]:!

Underfull \hbox (badness 6526) in paragraph at lines 420--421
[]\TU/Arial(0)/m/n/10 Метод \TU/lmtt/m/n/10 getUpdates()\TU/Arial(0)/m/n/10 позволяет нам получить обновления бота, т.е.
 []


Underfull \hbox (badness 2197) in paragraph at lines 420--421
\TU/Arial(0)/m/n/10 сообщения которые были ему отправлены. Метод \TU/lmtt/m/n/10 from_chat_id()\TU/Arial(0)/m/n/10 ,
 []


Underfull \hbox (badness 3302) in paragraph at lines 422--423
[]\TU/Arial(0)/m/n/10 Помимо id чата из объекта полученного методом \TU/lmtt/m/n/10 getUpdates() \TU/Arial(0)/m/n/10 вы
 []


Underfull \hbox (badness 2790) in paragraph at lines 422--423
\TU/Arial(0)/m/n/10 получаете и некоторую другую полезную информацию. Например,
 []



[15]
Missing character: There is no О (U+041E) in font [lmmono10-italic]:!
Missing character: There is no т (U+0442) in font [lmmono10-italic]:!
Missing character: There is no п (U+043F) in font [lmmono10-italic]:!
Missing character: There is no р (U+0440) in font [lmmono10-italic]:!
Missing character: There is no а (U+0430) in font [lmmono10-italic]:!
Missing character: There is no в (U+0432) in font [lmmono10-italic]:!
Missing character: There is no к (U+043A) in font [lmmono10-italic]:!
Missing character: There is no а (U+0430) in font [lmmono10-italic]:!
Missing character: There is no с (U+0441) in font [lmmono10-italic]:!
Missing character: There is no о (U+043E) in font [lmmono10-italic]:!
Missing character: There is no о (U+043E) in font [lmmono10-italic]:!
Missing character: There is no б (U+0431) in font [lmmono10-italic]:!
Missing character: There is no щ (U+0449) in font [lmmono10-italic]:!
Missing character: There is no е (U+0435) in font [lmmono10-italic]:!
Missing character: There is no н (U+043D) in font [lmmono10-italic]:!
Missing character: There is no и (U+0438) in font [lmmono10-italic]:!
Missing character: There is no я (U+044F) in font [lmmono10-italic]:!
Missing character: There is no П (U+041F) in font [lmmono10-regular]:!
Missing character: There is no р (U+0440) in font [lmmono10-regular]:!
Missing character: There is no и (U+0438) in font [lmmono10-regular]:!
Missing character: There is no в (U+0432) in font [lmmono10-regular]:!
Missing character: There is no е (U+0435) in font [lmmono10-regular]:!
Missing character: There is no т (U+0442) in font [lmmono10-regular]:!
Missing character: There is no ж (U+0436) in font [lmmono10-regular]:!
Missing character: There is no и (U+0438) in font [lmmono10-regular]:!
Missing character: There is no р (U+0440) in font [lmmono10-regular]:!
Missing character: There is no н (U+043D) in font [lmmono10-regular]:!
Missing character: There is no ы (U+044B) in font [lmmono10-regular]:!
Missing character: There is no й (U+0439) in font [lmmono10-regular]:!
Missing character: There is no т (U+0442) in font [lmmono10-regular]:!
Missing character: There is no е (U+0435) in font [lmmono10-regular]:!
Missing character: There is no к (U+043A) in font [lmmono10-regular]:!
Missing character: There is no с (U+0441) in font [lmmono10-regular]:!
Missing character: There is no т (U+0442) in font [lmmono10-regular]:!
Missing character: There is no к (U+043A) in font [lmmono10-regular]:!
Missing character: There is no у (U+0443) in font [lmmono10-regular]:!
Missing character: There is no р (U+0440) in font [lmmono10-regular]:!
Missing character: There is no с (U+0441) in font [lmmono10-regular]:!
Missing character: There is no и (U+0438) in font [lmmono10-regular]:!
Missing character: There is no в (U+0432) in font [lmmono10-regular]:!

Underfull \hbox (badness 2096) in paragraph at lines 462--463
[]\TU/Arial(0)/m/n/10 Если вам необходимо отправить сообщение от бота не в чат, а в
 []


Underfull \hbox (badness 3735) in paragraph at lines 464--465
[]\TU/Arial(0)/m/n/10 При необходимости отправить сообщение в приватный канал, вам
 []


LaTeX Warning: File `http://img.netpeak.ua/alsey/1JA922T.png' not found on input line 466.

! Unable to load picture or PDF file 'http://img.netpeak.ua/alsey/1JA922T.png'.
<to be read again> 
                   }
l.466 ...{http://img.netpeak.ua/alsey/1JA922T.png}
                                                  
The requested image couldn't be read because
it was not a recognized image format.

 
Here is how much of TeX's memory you used:
 17584 strings out of 472282
 323796 string characters out of 5528077
 844366 words of memory out of 5000000
 43841 multiletter control sequences out of 15000+600000
 633388 words of font info for 107 fonts, out of 8000000 for 9000
 14 hyphenation exceptions out of 8191
 90i,6n,116p,563b,483s stack positions out of 10000i,1000n,20000p,200000b,200000s
Output written on build_telegram_bot_using_r.pdf (15 pages).
